# JRE version: OpenJDK Runtime Environment (8.0_45-b14) (build 1.8.0_45-internal-b14)
# Java VM: OpenJDK 64-Bit Server VM (25.45-b02 mixed mode linux-amd64 compressed oops)
Heap:
 PSYoungGen      total 132096K, used 173K [0x00000000d6700000, 0x00000000de900000, 0x0000000100000000)
  eden space 131072K, 0% used [0x00000000d6700000,0x00000000d6700000,0x00000000de700000)
  from space 1024K, 16% used [0x00000000de700000,0x00000000de72b5a0,0x00000000de800000)
  to   space 1024K, 0% used [0x00000000de800000,0x00000000de800000,0x00000000de900000)
 ParOldGen       total 86016K, used 848K [0x0000000083400000, 0x0000000088800000, 0x00000000d6700000)
  object space 86016K, 0% used [0x0000000083400000,0x00000000834d4070,0x0000000088800000)
 Metaspace       used 4340K, capacity 4818K, committed 4992K, reserved 1056768K
  class space    used 480K, capacity 541K, committed 640K, reserved 1048576K
GC Heap History (10 events):
Event: 3,994 GC heap after
Heap after GC invocations=2 (full 0):
 PSYoungGen      total 37888K, used 976K [0x00000000d6700000, 0x00000000db100000, 0x0000000100000000)
  eden space 32768K, 0% used [0x00000000d6700000,0x00000000d6700000,0x00000000d8700000)
  from space 5120K, 19% used [0x00000000d8c00000,0x00000000d8cf4030,0x00000000d9100000)
  to   space 5120K, 0% used [0x00000000d8700000,0x00000000d8700000,0x00000000d8c00000)
 ParOldGen       total 86016K, used 16K [0x0000000083400000, 0x0000000088800000, 0x00000000d6700000)
  object space 86016K, 0% used [0x0000000083400000,0x0000000083404000,0x0000000088800000)
 Metaspace       used 4340K, capacity 4818K, committed 4992K, reserved 1056768K
  class space    used 480K, capacity 541K, committed 640K, reserved 1048576K
}
Event: 4,007 GC heap before
{Heap before GC invocations=3 (full 0):
 PSYoungGen      total 37888K, used 33727K [0x00000000d6700000, 0x00000000db100000, 0x0000000100000000)
  eden space 32768K, 99% used [0x00000000d6700000,0x00000000d86fbf68,0x00000000d8700000)
  from space 5120K, 19% used [0x00000000d8c00000,0x00000000d8cf4030,0x00000000d9100000)
  to   space 5120K, 0% used [0x00000000d8700000,0x00000000d8700000,0x00000000d8c00000)
 ParOldGen       total 86016K, used 16K [0x0000000083400000, 0x0000000088800000, 0x00000000d6700000)
  object space 86016K, 0% used [0x0000000083400000,0x0000000083404000,0x0000000088800000)
 Metaspace       used 4340K, capacity 4818K, committed 4992K, reserved 1056768K
  class space    used 480K, capacity 541K, committed 640K, reserved 1048576K
Event: 4,009 GC heap after
Heap after GC invocations=3 (full 0):
 PSYoungGen      total 37888K, used 933K [0x00000000d6700000, 0x00000000db100000, 0x0000000100000000)
  eden space 32768K, 0% used [0x00000000d6700000,0x00000000d6700000,0x00000000d8700000)
  from space 5120K, 18% used [0x00000000d8700000,0x00000000d87e96d0,0x00000000d8c00000)
  to   space 5120K, 0% used [0x00000000dac00000,0x00000000dac00000,0x00000000db100000)
 ParOldGen       total 86016K, used 24K [0x0000000083400000, 0x0000000088800000, 0x00000000d6700000)
  object space 86016K, 0% used [0x0000000083400000,0x0000000083406000,0x0000000088800000)
 Metaspace       used 4340K, capacity 4818K, committed 4992K, reserved 1056768K
  class space    used 480K, capacity 541K, committed 640K, reserved 1048576K
}
Event: 4,022 GC heap before
{Heap before GC invocations=4 (full 0):
 PSYoungGen      total 37888K, used 33694K [0x00000000d6700000, 0x00000000db100000, 0x0000000100000000)
  eden space 32768K, 99% used [0x00000000d6700000,0x00000000d86fe208,0x00000000d8700000)
  from space 5120K, 18% used [0x00000000d8700000,0x00000000d87e96d0,0x00000000d8c00000)
  to   space 5120K, 0% used [0x00000000dac00000,0x00000000dac00000,0x00000000db100000)
 ParOldGen       total 86016K, used 24K [0x0000000083400000, 0x0000000088800000, 0x00000000d6700000)
  object space 86016K, 0% used [0x0000000083400000,0x0000000083406000,0x0000000088800000)
 Metaspace       used 4340K, capacity 4818K, committed 4992K, reserved 1056768K
  class space    used 480K, capacity 541K, committed 640K, reserved 1048576K
Event: 4,028 GC heap after
Heap after GC invocations=4 (full 0):
 PSYoungGen      total 70656K, used 950K [0x00000000d6700000, 0x00000000db100000, 0x0000000100000000)
  eden space 65536K, 0% used [0x00000000d6700000,0x00000000d6700000,0x00000000da700000)
  from space 5120K, 18% used [0x00000000dac00000,0x00000000daced800,0x00000000db100000)
  to   space 5120K, 0% used [0x00000000da700000,0x00000000da700000,0x00000000dac00000)
 ParOldGen       total 86016K, used 24K [0x0000000083400000, 0x0000000088800000, 0x00000000d6700000)
  object space 86016K, 0% used [0x0000000083400000,0x0000000083406000,0x0000000088800000)
 Metaspace       used 4340K, capacity 4818K, committed 4992K, reserved 1056768K
  class space    used 480K, capacity 541K, committed 640K, reserved 1048576K
}
Event: 4,078 GC heap before
{Heap before GC invocations=5 (full 0):
 PSYoungGen      total 70656K, used 66434K [0x00000000d6700000, 0x00000000db100000, 0x0000000100000000)
  eden space 65536K, 99% used [0x00000000d6700000,0x00000000da6f3018,0x00000000da700000)
  from space 5120K, 18% used [0x00000000dac00000,0x00000000daced800,0x00000000db100000)
  to   space 5120K, 0% used [0x00000000da700000,0x00000000da700000,0x00000000dac00000)
 ParOldGen       total 86016K, used 24K [0x0000000083400000, 0x0000000088800000, 0x00000000d6700000)
  object space 86016K, 0% used [0x0000000083400000,0x0000000083406000,0x0000000088800000)
 Metaspace       used 4340K, capacity 4818K, committed 4992K, reserved 1056768K
  class space    used 480K, capacity 541K, committed 640K, reserved 1048576K
Event: 4,081 GC heap after
Heap after GC invocations=5 (full 0):
 PSYoungGen      total 70656K, used 966K [0x00000000d6700000, 0x00000000de900000, 0x0000000100000000)
  eden space 65536K, 0% used [0x00000000d6700000,0x00000000d6700000,0x00000000da700000)
  from space 5120K, 18% used [0x00000000da700000,0x00000000da7f1920,0x00000000dac00000)
  to   space 1024K, 0% used [0x00000000de800000,0x00000000de800000,0x00000000de900000)
 ParOldGen       total 86016K, used 24K [0x0000000083400000, 0x0000000088800000, 0x00000000d6700000)
  object space 86016K, 0% used [0x0000000083400000,0x0000000083406000,0x0000000088800000)
 Metaspace       used 4340K, capacity 4818K, committed 4992K, reserved 1056768K
  class space    used 480K, capacity 541K, committed 640K, reserved 1048576K
}
Event: 4,102 GC heap before
{Heap before GC invocations=6 (full 0):
 PSYoungGen      total 70656K, used 66502K [0x00000000d6700000, 0x00000000de900000, 0x0000000100000000)
  eden space 65536K, 100% used [0x00000000d6700000,0x00000000da700000,0x00000000da700000)
  from space 5120K, 18% used [0x00000000da700000,0x00000000da7f1920,0x00000000dac00000)
  to   space 1024K, 0% used [0x00000000de800000,0x00000000de800000,0x00000000de900000)
 ParOldGen       total 86016K, used 24K [0x0000000083400000, 0x0000000088800000, 0x00000000d6700000)
  object space 86016K, 0% used [0x0000000083400000,0x0000000083406000,0x0000000088800000)
 Metaspace       used 4340K, capacity 4818K, committed 4992K, reserved 1056768K
  class space    used 480K, capacity 541K, committed 640K, reserved 1048576K
Event: 4,104 GC heap after
Heap after GC invocations=6 (full 0):
 PSYoungGen      total 132096K, used 990K [0x00000000d6700000, 0x00000000de900000, 0x0000000100000000)
  eden space 131072K, 0% used [0x00000000d6700000,0x00000000d6700000,0x00000000de700000)
  from space 1024K, 96% used [0x00000000de800000,0x00000000de8f7990,0x00000000de900000)
  to   space 1024K, 0% used [0x00000000de700000,0x00000000de700000,0x00000000de800000)
 ParOldGen       total 86016K, used 24K [0x0000000083400000, 0x0000000088800000, 0x00000000d6700000)
  object space 86016K, 0% used [0x0000000083400000,0x0000000083406000,0x0000000088800000)
 Metaspace       used 4340K, capacity 4818K, committed 4992K, reserved 1056768K
  class space    used 480K, capacity 541K, committed 640K, reserved 1048576K
}
Event: 4,196 GC heap before
{Heap before GC invocations=7 (full 0):
 PSYoungGen      total 132096K, used 132062K [0x00000000d6700000, 0x00000000de900000, 0x0000000100000000)
  eden space 131072K, 100% used [0x00000000d6700000,0x00000000de700000,0x00000000de700000)
  from space 1024K, 96% used [0x00000000de800000,0x00000000de8f7990,0x00000000de900000)
  to   space 1024K, 0% used [0x00000000de700000,0x00000000de700000,0x00000000de800000)
 ParOldGen       total 86016K, used 24K [0x0000000083400000, 0x0000000088800000, 0x00000000d6700000)
  object space 86016K, 0% used [0x0000000083400000,0x0000000083406000,0x0000000088800000)
 Metaspace       used 4340K, capacity 4818K, committed 4992K, reserved 1056768K
  class space    used 480K, capacity 541K, committed 640K, reserved 1048576K

